<?xml version="1.0" encoding="UTF-8" standalone="yes"?>
<testsuites>
    <testsuite name="Test Suite" tests="3" failure="2" timestamp="2018-10-04T06:58:18.063Z">
        <testcase name="Test 1" classname="com.test.demo" time="92.689">
            <failure message="Step Failed: Element not found"/>
            <system-out>Screenshots</system-out>
        </testcase>
        <testcase name="Test 2" classname="com.test.demo" time="95.604">
            <system-out>Screenshots</system-out>
        </testcase>
        <testcase name="Test 3" classname="com.test.demo" time="93.25">
            <failure message="Step Failed: Element not found"/>
            <system-out>Screenshots</system-out>
        </testcase>
    </testsuite>
</testsuites>